<?xml version="1.0" encoding="UTF-8"?>
<testsuites name="New Test Suite" time="48.243" tests="2" failures="0" errors="0">
   <testsuite name="New Test Suite" tests="2" failures="0" errors="0" time="48.243" skipped="0" timestamp="31-05-2024T15:47:12" hostname="man.hua - ip-10-10-32-246.ap-southeast-1.compute.internal" id="Test Suites/New Test Suite">
      <properties>
         <property name="deviceName" value=""/>
         <property name="devicePlatform"/>
         <property name="logFolder" value="/Users/man.hua/git/Katalon-test-management-testops/Reports/20240531_154706/New Test Suite/20240531_154706"/>
         <property name="logFiles" value="/Users/man.hua/git/Katalon-test-management-testops/Reports/20240531_154706/New Test Suite/20240531_154706/execution0.log"/>
         <property name="attachments" value=""/>
         <property name="hostName" value="man.hua - ip-10-10-32-246.ap-southeast-1.compute.internal"/>
         <property name="os" value="Mac OS X 64bit"/>
         <property name="katalonVersion" value="9.5.0.217"/>
         <property name="browser" value="Firefox 123.0"/>
         <property name="hostAddress" value="10.10.32.246"/>
         <property name="sessionId" value="8aa2276c-b252-4cda-93a4-9289d29a87cc"/>
         <property name="seleniumVersion" value="3.141.59"/>
         <property name="proxyInformation" value="ProxyInformation { proxyOption=NO_PROXY, proxyServerType=HTTP, username=, password=********, proxyServerAddress=, proxyServerPort=0, executionList=&quot;&quot;, isApplyToDesiredCapabilities=true }"/>
         <property name="platform" value="Mac OS X"/>
      </properties>
      <testcase name="Test Cases/New Test Case" time="10.426" classname="Test Cases/New Test Case" status="PASSED">
         <system-out><![CDATA[31-05-2024T15:47:13 - [TEST_CASE][PASSED] - Test Cases/New Test Case: Test Cases/New Test Case

31-05-2024T15:47:13 - [TEST_STEP][PASSED] - openBrowser(url): Browser is opened with url: 'http://demoaut.katalon.com/'

31-05-2024T15:47:13 - [MESSAGE][INFO] - Starting 'Firefox' driver

31-05-2024T15:47:13 - [MESSAGE][INFO] - Action delay is set to 0 milliseconds

31-05-2024T15:47:23 - [MESSAGE][PASSED] - Browser is opened with url: 'http://demoaut.katalon.com/']]></system-out>
         <system-err><![CDATA[]]></system-err>
      </testcase>
      <testcase name="Test Cases/New Test Case" time="37.641" classname="Test Cases/New Test Case" status="PASSED">
         <system-out><![CDATA[31-05-2024T15:47:23 - [TEST_CASE][PASSED] - Test Cases/New Test Case: Test Cases/New Test Case

31-05-2024T15:47:23 - [TEST_STEP][PASSED] - openBrowser(url): Browser is opened with url: 'http://demoaut.katalon.com/'

31-05-2024T15:47:23 - [MESSAGE][WARNING] - A browser is already opened. Closing browser and opening a new one

31-05-2024T15:47:24 - [MESSAGE][INFO] - Starting 'Firefox' driver

31-05-2024T15:47:24 - [MESSAGE][INFO] - Action delay is set to 0 milliseconds

31-05-2024T15:48:01 - [MESSAGE][PASSED] - Browser is opened with url: 'http://demoaut.katalon.com/']]></system-out>
         <system-err><![CDATA[]]></system-err>
      </testcase>
      <system-out><![CDATA[31-05-2024T15:47:12 - [TEST_SUITE][PASSED] - New Test Suite: Test Cases/New Test Case]]></system-out>
      <system-err><![CDATA[]]></system-err>
   </testsuite>
</testsuites>
