<?xml version="1.0" encoding="UTF-8"?>
<testsuites name="healthcare-tests - TS_RegressionTest" time="69.156" tests="3" failures="0" errors="0">
   <testsuite name="healthcare-tests - TS_RegressionTest" tests="3" failures="0" errors="0" time="69.156" skipped="0" timestamp="22-04-2024T14:34:37" hostname="man.hua - localhost" id="Test Suites/healthcare-tests - TS_RegressionTest">
      <properties>
         <property name="deviceName" value=""/>
         <property name="devicePlatform" value=""/>
         <property name="logFolder" value="/Users/man.hua/git/Demo-Bulk-Operation/Reports/20240422_143430/healthcare-tests - TS_RegressionTest/20240422_143430"/>
         <property name="logFiles" value="/Users/man.hua/git/Demo-Bulk-Operation/Reports/20240422_143430/healthcare-tests - TS_RegressionTest/20240422_143430/execution0.log"/>
         <property name="attachments" value="/Users/man.hua/git/Demo-Bulk-Operation/Reports/20240422_143430/healthcare-tests - TS_RegressionTest/20240422_143430/1713771314424.png, keyes/keyes-login page.png, keyes/keyes-appointment page.png, keyes/keyes-booked appointment.png, /Users/man.hua/git/Demo-Bulk-Operation/Reports/20240422_143430/healthcare-tests - TS_RegressionTest/20240422_143430/1713771342841.png"/>
         <property name="hostName" value="man.hua - localhost"/>
         <property name="os" value="Mac OS X 64bit"/>
         <property name="katalonVersion" value="9.4.0.212"/>
         <property name="browser" value="Chrome 104.0.5112.79"/>
         <property name="hostAddress" value="127.0.0.1"/>
         <property name="sessionId" value="9d240e86c260260fb0983cb6f9b02a39"/>
         <property name="seleniumVersion" value="3.141.59"/>
         <property name="proxyInformation" value="ProxyInformation { proxyOption=NO_PROXY, proxyServerType=HTTP, username=, password=********, proxyServerAddress=, proxyServerPort=0, executionList=&quot;&quot;, isApplyToDesiredCapabilities=true }"/>
         <property name="platform" value="Mac OS X"/>
      </properties>
      <testcase name="Test Cases/Main Test Cases/TC1_Verify Successful Login" time="17.989" classname="Test Cases/Main Test Cases/TC1_Verify Successful Login" status="PASSED">
         <system-out><![CDATA[22-04-2024T14:34:37 - [TEST_CASE][PASSED] - Test Cases/Main Test Cases/TC1_Verify Successful Login: Test Cases/Main Test Cases/TC1_Verify Successful Login

22-04-2024T14:34:38 - [TEST_STEP][PASSED] - comment("Story: Login to CURA system"): Story: Login to CURA system

22-04-2024T14:34:38 - [MESSAGE][INFO] - Story: Login to CURA system

22-04-2024T14:34:38 - [TEST_STEP][PASSED] - comment("Given that the user has the valid login information"): Given that the user has the valid login information

22-04-2024T14:34:38 - [MESSAGE][INFO] - Given that the user has the valid login information

22-04-2024T14:34:38 - [TEST_STEP][PASSED] - openBrowser(G_SiteURL): Browser is opened with url: 'http://demoaut.katalon.com'

22-04-2024T14:34:39 - [MESSAGE][INFO] - Starting 'Chrome' driver

22-04-2024T14:34:39 - [MESSAGE][INFO] - Action delay is set to 0 milliseconds

22-04-2024T14:34:48 - [MESSAGE][PASSED] - Browser is opened with url: 'http://demoaut.katalon.com'

22-04-2024T14:34:48 - [TEST_STEP][PASSED] - click(findTestObject("Page_CuraHomepage/btn_MakeAppointment")): Object: 'Object Repository/Page_CuraHomepage/btn_MakeAppointment' is clicked on

22-04-2024T14:34:50 - [MESSAGE][PASSED] - Object: 'Object Repository/Page_CuraHomepage/btn_MakeAppointment' is clicked on

22-04-2024T14:34:50 - [TEST_STEP][PASSED] - setText(findTestObject("Page_Login/txt_UserName"), Username): Text 'John Doe' is set on object 'Object Repository/Page_Login/txt_UserName'

22-04-2024T14:34:50 - [MESSAGE][PASSED] - Text 'John Doe' is set on object 'Object Repository/Page_Login/txt_UserName'

22-04-2024T14:34:50 - [TEST_STEP][PASSED] - setText(findTestObject("Page_Login/txt_Password"), Password): Text 'ThisIsNotAPassword' is set on object 'Object Repository/Page_Login/txt_Password'

22-04-2024T14:34:51 - [MESSAGE][PASSED] - Text 'ThisIsNotAPassword' is set on object 'Object Repository/Page_Login/txt_Password'

22-04-2024T14:34:51 - [TEST_STEP][PASSED] - comment("When he logins to CURA system"): When he logins to CURA system

22-04-2024T14:34:51 - [MESSAGE][INFO] - When he logins to CURA system

22-04-2024T14:34:51 - [TEST_STEP][PASSED] - click(findTestObject("Page_Login/btn_Login")): Object: 'Object Repository/Page_Login/btn_Login' is clicked on

22-04-2024T14:34:53 - [MESSAGE][PASSED] - Object: 'Object Repository/Page_Login/btn_Login' is clicked on

22-04-2024T14:34:53 - [TEST_STEP][PASSED] - comment("Then he should be able to login successfully"): Then he should be able to login successfully

22-04-2024T14:34:53 - [MESSAGE][INFO] - Then he should be able to login successfully

22-04-2024T14:34:53 - [TEST_STEP][PASSED] - landingPage = verifyElementPresent(findTestObject("Page_CuraAppointment/div_Appointment"), G_Timeout): Object 'Object Repository/Page_CuraAppointment/div_Appointment' is present

22-04-2024T14:34:53 - [MESSAGE][PASSED] - Object 'Object Repository/Page_CuraAppointment/div_Appointment' is present

22-04-2024T14:34:53 - [TEST_STEP][PASSED] - closeBrowser(): Browser is closed

22-04-2024T14:34:53 - [MESSAGE][PASSED] - Browser is closed

22-04-2024T14:34:55 - [TEST_STEP][PASSED] - Video: Video recording for test case 'Test Cases/Main Test Cases/TC1_Verify Successful Login' .

22-04-2024T14:34:55 - [MESSAGE][INFO] - Video recording for test case 'Test Cases/Main Test Cases/TC1_Verify Successful Login' .]]></system-out>
         <system-err><![CDATA[]]></system-err>
      </testcase>
      <testcase name="Test Cases/Main Test Cases/TC2_Verify Successful Appointment" time="20.996" classname="Test Cases/Main Test Cases/TC2_Verify Successful Appointment" status="PASSED">
         <system-out><![CDATA[22-04-2024T14:34:55 - [TEST_CASE][PASSED] - Test Cases/Main Test Cases/TC2_Verify Successful Appointment: Test Cases/Main Test Cases/TC2_Verify Successful Appointment

22-04-2024T14:34:56 - [TEST_STEP][PASSED] - comment("Story: Book an appointment"): Story: Book an appointment

22-04-2024T14:34:56 - [MESSAGE][INFO] - Story: Book an appointment

22-04-2024T14:34:56 - [TEST_STEP][PASSED] - comment("Given that the user has logged into their account"): Given that the user has logged into their account

22-04-2024T14:34:56 - [MESSAGE][INFO] - Given that the user has logged into their account

22-04-2024T14:34:56 - [TEST_STEP][PASSED] - openBrowser(G_SiteURL): Browser is opened with url: 'http://demoaut.katalon.com'

22-04-2024T14:34:56 - [MESSAGE][INFO] - Starting 'Chrome' driver

22-04-2024T14:34:56 - [MESSAGE][INFO] - Action delay is set to 0 milliseconds

22-04-2024T14:35:04 - [MESSAGE][PASSED] - Browser is opened with url: 'http://demoaut.katalon.com'

22-04-2024T14:35:04 - [TEST_STEP][PASSED] - callTestCase(findTestCase("Common Test Cases/Login"), ["Username":"John Doe", "Password":"ThisIsNotAPassword"], STOP_ON_FAILURE): Call Test Case 'Test Cases/Common Test Cases/Login' successfully

22-04-2024T14:35:04 - [TEST_CASE][PASSED] - Test Cases/Common Test Cases/Login: Test Cases/Common Test Cases/Login

22-04-2024T14:35:04 - [TEST_STEP][PASSED] - click(findTestObject("Page_CuraHomepage/btn_MakeAppointment")): Object: 'Object Repository/Page_CuraHomepage/btn_MakeAppointment' is clicked on

22-04-2024T14:35:05 - [MESSAGE][PASSED] - Object: 'Object Repository/Page_CuraHomepage/btn_MakeAppointment' is clicked on

22-04-2024T14:35:05 - [TEST_STEP][PASSED] - setText(findTestObject("Page_Login/txt_UserName"), Username): Text 'John Doe' is set on object 'Object Repository/Page_Login/txt_UserName'

22-04-2024T14:35:06 - [MESSAGE][PASSED] - Text 'John Doe' is set on object 'Object Repository/Page_Login/txt_UserName'

22-04-2024T14:35:06 - [TEST_STEP][PASSED] - setText(findTestObject("Page_Login/txt_Password"), Password): Text 'ThisIsNotAPassword' is set on object 'Object Repository/Page_Login/txt_Password'

22-04-2024T14:35:07 - [MESSAGE][PASSED] - Text 'ThisIsNotAPassword' is set on object 'Object Repository/Page_Login/txt_Password'

22-04-2024T14:35:07 - [TEST_STEP][PASSED] - click(findTestObject("Page_Login/btn_Login")): Object: 'Object Repository/Page_Login/btn_Login' is clicked on

22-04-2024T14:35:08 - [MESSAGE][PASSED] - Object: 'Object Repository/Page_Login/btn_Login' is clicked on

22-04-2024T14:35:08 - [TEST_STEP][PASSED] - landingPage = verifyElementPresent(findTestObject("Page_CuraAppointment/div_Appointment"), G_Timeout): Object 'Object Repository/Page_CuraAppointment/div_Appointment' is present

22-04-2024T14:35:08 - [MESSAGE][PASSED] - Object 'Object Repository/Page_CuraAppointment/div_Appointment' is present

22-04-2024T14:35:08 - [MESSAGE][PASSED] - Call Test Case 'Test Cases/Common Test Cases/Login' successfully

22-04-2024T14:35:08 - [TEST_STEP][PASSED] - comment("And Appointment page is displayed"): And Appointment page is displayed

22-04-2024T14:35:08 - [MESSAGE][INFO] - And Appointment page is displayed

22-04-2024T14:35:08 - [TEST_STEP][PASSED] - if (true): Text 'Please make appointment as soon as possible.' is set on object 'Object Repository/Page_CuraAppointment/txt_Comment'

22-04-2024T14:35:08 - [TEST_STEP][PASSED] - selectOptionByLabel(findTestObject("Page_CuraAppointment/lst_Facility"), "Hongkong CURA Healthcare Center", false): All options with label 'Hongkong CURA Healthcare Center' are selected in object 'Object Repository/Page_CuraAppointment/lst_Facility' 

22-04-2024T14:35:08 - [MESSAGE][PASSED] - All options with label 'Hongkong CURA Healthcare Center' are selected in object 'Object Repository/Page_CuraAppointment/lst_Facility' 

22-04-2024T14:35:08 - [TEST_STEP][PASSED] - check(findTestObject("Page_CuraAppointment/chk_Medicaid")): Object 'Object Repository/Page_CuraAppointment/chk_Medicaid' is checked

22-04-2024T14:35:09 - [MESSAGE][PASSED] - Object 'Object Repository/Page_CuraAppointment/chk_Medicaid' is checked

22-04-2024T14:35:09 - [TEST_STEP][PASSED] - check(findTestObject("Page_CuraAppointment/chk_Readmission")): Object 'Object Repository/Page_CuraAppointment/chk_Readmission' is checked

22-04-2024T14:35:09 - [MESSAGE][PASSED] - Object 'Object Repository/Page_CuraAppointment/chk_Readmission' is checked

22-04-2024T14:35:09 - [TEST_STEP][PASSED] - setText(findTestObject("Page_CuraAppointment/txt_VisitDate"), "27/12/2016"): Text '27/12/2016' is set on object 'Object Repository/Page_CuraAppointment/txt_VisitDate'

22-04-2024T14:35:10 - [MESSAGE][PASSED] - Text '27/12/2016' is set on object 'Object Repository/Page_CuraAppointment/txt_VisitDate'

22-04-2024T14:35:10 - [TEST_STEP][PASSED] - setText(findTestObject("Page_CuraAppointment/txt_Comment"), "Please make appointment as soon as possible."): Text 'Please make appointment as soon as possible.' is set on object 'Object Repository/Page_CuraAppointment/txt_Comment'

22-04-2024T14:35:11 - [MESSAGE][PASSED] - Text 'Please make appointment as soon as possible.' is set on object 'Object Repository/Page_CuraAppointment/txt_Comment'

22-04-2024T14:35:11 - [TEST_STEP][PASSED] - comment("When he fills in valid information in Appointment page"): When he fills in valid information in Appointment page

22-04-2024T14:35:11 - [MESSAGE][INFO] - When he fills in valid information in Appointment page

22-04-2024T14:35:11 - [TEST_STEP][PASSED] - click(findTestObject("Page_CuraAppointment/btn_BookAppointment")): Object: 'Object Repository/Page_CuraAppointment/btn_BookAppointment' is clicked on

22-04-2024T14:35:12 - [MESSAGE][PASSED] - Object: 'Object Repository/Page_CuraAppointment/btn_BookAppointment' is clicked on

22-04-2024T14:35:12 - [TEST_STEP][PASSED] - verifyTextPresent("Appointment Confirmation", false): Text 'Appointment Confirmation' is present on page 

22-04-2024T14:35:12 - [MESSAGE][PASSED] - Text 'Appointment Confirmation' is present on page 

22-04-2024T14:35:12 - [TEST_STEP][PASSED] - comment("Then he should be able to book a new appointment"): Then he should be able to book a new appointment

22-04-2024T14:35:12 - [MESSAGE][INFO] - Then he should be able to book a new appointment

22-04-2024T14:35:12 - [TEST_STEP][PASSED] - if (true): Actual text 'Please make appointment as soon as possible.' and expected text 'Please make appointment as soon as possible.' are matched 

22-04-2024T14:35:12 - [TEST_STEP][PASSED] - verifyMatch("Hongkong CURA Healthcare Center", getText(findTestObject("Page_AppointmentConfirmation/lbl_Facility")), false): Actual text 'Hongkong CURA Healthcare Center' and expected text 'Hongkong CURA Healthcare Center' are matched 

22-04-2024T14:35:12 - [MESSAGE][PASSED] - Text of object 'Object Repository/Page_AppointmentConfirmation/lbl_Facility' is: 'Hongkong CURA Healthcare Center'

22-04-2024T14:35:12 - [MESSAGE][PASSED] - Actual text 'Hongkong CURA Healthcare Center' and expected text 'Hongkong CURA Healthcare Center' are matched 

22-04-2024T14:35:12 - [TEST_STEP][PASSED] - verifyMatch("Yes", getText(findTestObject("Page_AppointmentConfirmation/lbl_HospitalReadmission")), false): Actual text 'Yes' and expected text 'Yes' are matched 

22-04-2024T14:35:13 - [MESSAGE][PASSED] - Text of object 'Object Repository/Page_AppointmentConfirmation/lbl_HospitalReadmission' is: 'Yes'

22-04-2024T14:35:13 - [MESSAGE][PASSED] - Actual text 'Yes' and expected text 'Yes' are matched 

22-04-2024T14:35:13 - [TEST_STEP][PASSED] - verifyMatch("Medicaid", getText(findTestObject("Page_AppointmentConfirmation/lbl_Program")), false): Actual text 'Medicaid' and expected text 'Medicaid' are matched 

22-04-2024T14:35:13 - [MESSAGE][PASSED] - Text of object 'Object Repository/Page_AppointmentConfirmation/lbl_Program' is: 'Medicaid'

22-04-2024T14:35:13 - [MESSAGE][PASSED] - Actual text 'Medicaid' and expected text 'Medicaid' are matched 

22-04-2024T14:35:13 - [TEST_STEP][PASSED] - verifyMatch("27/12/2016", getText(findTestObject("Page_AppointmentConfirmation/lbl_VisitDate")), false): Actual text '27/12/2016' and expected text '27/12/2016' are matched 

22-04-2024T14:35:13 - [MESSAGE][PASSED] - Text of object 'Object Repository/Page_AppointmentConfirmation/lbl_VisitDate' is: '27/12/2016'

22-04-2024T14:35:13 - [MESSAGE][PASSED] - Actual text '27/12/2016' and expected text '27/12/2016' are matched 

22-04-2024T14:35:13 - [TEST_STEP][PASSED] - verifyMatch("Please make appointment as soon as possible.", getText(findTestObject("Page_AppointmentConfirmation/lbl_Comment")), false): Actual text 'Please make appointment as soon as possible.' and expected text 'Please make appointment as soon as possible.' are matched 

22-04-2024T14:35:14 - [MESSAGE][PASSED] - Text of object 'Object Repository/Page_AppointmentConfirmation/lbl_Comment' is: 'Please make appointment as soon as possible.'

22-04-2024T14:35:14 - [MESSAGE][PASSED] - Actual text 'Please make appointment as soon as possible.' and expected text 'Please make appointment as soon as possible.' are matched 

22-04-2024T14:35:14 - [TEST_STEP][PASSED] - takeScreenshot(): Taking screenshot successfully

22-04-2024T14:35:14 - [MESSAGE][PASSED] - Taking screenshot successfully
[[ATTACHMENT|/Users/man.hua/git/Demo-Bulk-Operation/Reports/20240422_143430/healthcare-tests - TS_RegressionTest/20240422_143430/1713771314424.png]]

22-04-2024T14:35:14 - [TEST_STEP][PASSED] - closeBrowser(): Browser is closed

22-04-2024T14:35:14 - [MESSAGE][PASSED] - Browser is closed

22-04-2024T14:35:16 - [TEST_STEP][PASSED] - Video: Video recording for test case 'Test Cases/Main Test Cases/TC2_Verify Successful Appointment' .

22-04-2024T14:35:16 - [MESSAGE][INFO] - Video recording for test case 'Test Cases/Main Test Cases/TC2_Verify Successful Appointment' .]]></system-out>
         <system-err><![CDATA[]]></system-err>
      </testcase>
      <testcase name="Test Cases/Main Test Cases/TC3_Visual Testing Example" time="29.905" classname="Test Cases/Main Test Cases/TC3_Visual Testing Example" status="PASSED">
         <system-out><![CDATA[22-04-2024T14:35:16 - [TEST_CASE][PASSED] - Test Cases/Main Test Cases/TC3_Visual Testing Example: Test Cases/Main Test Cases/TC3_Visual Testing Example

22-04-2024T14:35:17 - [TEST_STEP][PASSED] - comment("Story: Book an appointment"): Story: Book an appointment

22-04-2024T14:35:17 - [MESSAGE][INFO] - Story: Book an appointment

22-04-2024T14:35:17 - [TEST_STEP][PASSED] - comment("Given that the user has logged into their account"): Given that the user has logged into their account

22-04-2024T14:35:17 - [MESSAGE][INFO] - Given that the user has logged into their account

22-04-2024T14:35:17 - [TEST_STEP][PASSED] - openBrowser(G_SiteURL): Browser is opened with url: 'http://demoaut.katalon.com'

22-04-2024T14:35:17 - [MESSAGE][INFO] - Starting 'Chrome' driver

22-04-2024T14:35:17 - [MESSAGE][INFO] - Action delay is set to 0 milliseconds

22-04-2024T14:35:24 - [MESSAGE][PASSED] - Browser is opened with url: 'http://demoaut.katalon.com'

22-04-2024T14:35:24 - [TEST_STEP][PASSED] - takeScreenshotAsCheckpoint("login page"): Taking screenshot successfully

22-04-2024T14:35:27 - [MESSAGE][INFO] - 0 hidden object(s)

22-04-2024T14:35:27 - [MESSAGE][PASSED] - Taking screenshot successfully
[[ATTACHMENT|keyes/keyes-login page.png]]

22-04-2024T14:35:27 - [TEST_STEP][PASSED] - callTestCase(findTestCase("Common Test Cases/Login"), ["Username":"John Doe", "Password":"ThisIsNotAPassword"], STOP_ON_FAILURE): Call Test Case 'Test Cases/Common Test Cases/Login' successfully

22-04-2024T14:35:27 - [TEST_CASE][PASSED] - Test Cases/Common Test Cases/Login: Test Cases/Common Test Cases/Login

22-04-2024T14:35:27 - [TEST_STEP][PASSED] - click(findTestObject("Page_CuraHomepage/btn_MakeAppointment")): Object: 'Object Repository/Page_CuraHomepage/btn_MakeAppointment' is clicked on

22-04-2024T14:35:28 - [MESSAGE][PASSED] - Object: 'Object Repository/Page_CuraHomepage/btn_MakeAppointment' is clicked on

22-04-2024T14:35:28 - [TEST_STEP][PASSED] - setText(findTestObject("Page_Login/txt_UserName"), Username): Text 'John Doe' is set on object 'Object Repository/Page_Login/txt_UserName'

22-04-2024T14:35:29 - [MESSAGE][PASSED] - Text 'John Doe' is set on object 'Object Repository/Page_Login/txt_UserName'

22-04-2024T14:35:29 - [TEST_STEP][PASSED] - setText(findTestObject("Page_Login/txt_Password"), Password): Text 'ThisIsNotAPassword' is set on object 'Object Repository/Page_Login/txt_Password'

22-04-2024T14:35:30 - [MESSAGE][PASSED] - Text 'ThisIsNotAPassword' is set on object 'Object Repository/Page_Login/txt_Password'

22-04-2024T14:35:30 - [TEST_STEP][PASSED] - click(findTestObject("Page_Login/btn_Login")): Object: 'Object Repository/Page_Login/btn_Login' is clicked on

22-04-2024T14:35:31 - [MESSAGE][PASSED] - Object: 'Object Repository/Page_Login/btn_Login' is clicked on

22-04-2024T14:35:31 - [TEST_STEP][PASSED] - landingPage = verifyElementPresent(findTestObject("Page_CuraAppointment/div_Appointment"), G_Timeout): Object 'Object Repository/Page_CuraAppointment/div_Appointment' is present

22-04-2024T14:35:32 - [MESSAGE][PASSED] - Object 'Object Repository/Page_CuraAppointment/div_Appointment' is present

22-04-2024T14:35:32 - [MESSAGE][PASSED] - Call Test Case 'Test Cases/Common Test Cases/Login' successfully

22-04-2024T14:35:32 - [TEST_STEP][PASSED] - comment("And Appointment page is displayed"): And Appointment page is displayed

22-04-2024T14:35:32 - [MESSAGE][INFO] - And Appointment page is displayed

22-04-2024T14:35:32 - [TEST_STEP][PASSED] - if (true): Text 'Please make appointment as soon as possible.' is set on object 'Object Repository/Page_CuraAppointment/txt_Comment'

22-04-2024T14:35:32 - [TEST_STEP][PASSED] - takeScreenshotAsCheckpoint("appointment page"): Taking screenshot successfully

22-04-2024T14:35:33 - [MESSAGE][INFO] - 0 hidden object(s)

22-04-2024T14:35:33 - [MESSAGE][PASSED] - Taking screenshot successfully
[[ATTACHMENT|keyes/keyes-appointment page.png]]

22-04-2024T14:35:33 - [TEST_STEP][PASSED] - selectOptionByLabel(findTestObject("Page_CuraAppointment/lst_Facility"), "Hongkong CURA Healthcare Center", false): All options with label 'Hongkong CURA Healthcare Center' are selected in object 'Object Repository/Page_CuraAppointment/lst_Facility' 

22-04-2024T14:35:33 - [MESSAGE][PASSED] - All options with label 'Hongkong CURA Healthcare Center' are selected in object 'Object Repository/Page_CuraAppointment/lst_Facility' 

22-04-2024T14:35:33 - [TEST_STEP][PASSED] - check(findTestObject("Page_CuraAppointment/chk_Medicaid")): Object 'Object Repository/Page_CuraAppointment/chk_Medicaid' is checked

22-04-2024T14:35:34 - [MESSAGE][PASSED] - Object 'Object Repository/Page_CuraAppointment/chk_Medicaid' is checked

22-04-2024T14:35:34 - [TEST_STEP][PASSED] - check(findTestObject("Page_CuraAppointment/chk_Readmission")): Object 'Object Repository/Page_CuraAppointment/chk_Readmission' is checked

22-04-2024T14:35:34 - [MESSAGE][PASSED] - Object 'Object Repository/Page_CuraAppointment/chk_Readmission' is checked

22-04-2024T14:35:34 - [TEST_STEP][PASSED] - setText(findTestObject("Page_CuraAppointment/txt_VisitDate"), "27/12/2016"): Text '27/12/2016' is set on object 'Object Repository/Page_CuraAppointment/txt_VisitDate'

22-04-2024T14:35:35 - [MESSAGE][PASSED] - Text '27/12/2016' is set on object 'Object Repository/Page_CuraAppointment/txt_VisitDate'

22-04-2024T14:35:35 - [TEST_STEP][PASSED] - setText(findTestObject("Page_CuraAppointment/txt_Comment"), "Please make appointment as soon as possible."): Text 'Please make appointment as soon as possible.' is set on object 'Object Repository/Page_CuraAppointment/txt_Comment'

22-04-2024T14:35:36 - [MESSAGE][PASSED] - Text 'Please make appointment as soon as possible.' is set on object 'Object Repository/Page_CuraAppointment/txt_Comment'

22-04-2024T14:35:36 - [TEST_STEP][PASSED] - comment("When he fills in valid information in Appointment page"): When he fills in valid information in Appointment page

22-04-2024T14:35:36 - [MESSAGE][INFO] - When he fills in valid information in Appointment page

22-04-2024T14:35:36 - [TEST_STEP][PASSED] - click(findTestObject("Page_CuraAppointment/btn_BookAppointment")): Object: 'Object Repository/Page_CuraAppointment/btn_BookAppointment' is clicked on

22-04-2024T14:35:37 - [MESSAGE][PASSED] - Object: 'Object Repository/Page_CuraAppointment/btn_BookAppointment' is clicked on

22-04-2024T14:35:37 - [TEST_STEP][PASSED] - verifyTextPresent("Appointment Confirmation", false): Text 'Appointment Confirmation' is present on page 

22-04-2024T14:35:37 - [MESSAGE][PASSED] - Text 'Appointment Confirmation' is present on page 

22-04-2024T14:35:37 - [TEST_STEP][PASSED] - comment("Then he should be able to book a new appointment"): Then he should be able to book a new appointment

22-04-2024T14:35:37 - [MESSAGE][INFO] - Then he should be able to book a new appointment

22-04-2024T14:35:37 - [TEST_STEP][PASSED] - if (true): Actual text 'Please make appointment as soon as possible.' and expected text 'Please make appointment as soon as possible.' are matched 

22-04-2024T14:35:37 - [TEST_STEP][PASSED] - takeFullPageScreenshotAsCheckpoint("booked appointment", [findTestObject("Page_AppointmentConfirmation/lbl_VisitDate")]): Taking screenshot successfully

22-04-2024T14:35:37 - [MESSAGE][WARNING] - Timeout '0' is invalid. Using default page load timeout: '30'

22-04-2024T14:35:37 - [MESSAGE][INFO] - 1 hidden object(s)

22-04-2024T14:35:40 - [MESSAGE][INFO] - 0 hidden object(s)

22-04-2024T14:35:40 - [MESSAGE][PASSED] - Taking screenshot successfully
[[ATTACHMENT|keyes/keyes-booked appointment.png]]

22-04-2024T14:35:40 - [TEST_STEP][PASSED] - verifyMatch("Hongkong CURA Healthcare Center", getText(findTestObject("Page_AppointmentConfirmation/lbl_Facility")), false): Actual text 'Hongkong CURA Healthcare Center' and expected text 'Hongkong CURA Healthcare Center' are matched 

22-04-2024T14:35:41 - [MESSAGE][PASSED] - Text of object 'Object Repository/Page_AppointmentConfirmation/lbl_Facility' is: 'Hongkong CURA Healthcare Center'

22-04-2024T14:35:41 - [MESSAGE][PASSED] - Actual text 'Hongkong CURA Healthcare Center' and expected text 'Hongkong CURA Healthcare Center' are matched 

22-04-2024T14:35:41 - [TEST_STEP][PASSED] - verifyMatch("Yes", getText(findTestObject("Page_AppointmentConfirmation/lbl_HospitalReadmission")), false): Actual text 'Yes' and expected text 'Yes' are matched 

22-04-2024T14:35:41 - [MESSAGE][PASSED] - Text of object 'Object Repository/Page_AppointmentConfirmation/lbl_HospitalReadmission' is: 'Yes'

22-04-2024T14:35:41 - [MESSAGE][PASSED] - Actual text 'Yes' and expected text 'Yes' are matched 

22-04-2024T14:35:41 - [TEST_STEP][PASSED] - verifyMatch("Medicaid", getText(findTestObject("Page_AppointmentConfirmation/lbl_Program")), false): Actual text 'Medicaid' and expected text 'Medicaid' are matched 

22-04-2024T14:35:42 - [MESSAGE][PASSED] - Text of object 'Object Repository/Page_AppointmentConfirmation/lbl_Program' is: 'Medicaid'

22-04-2024T14:35:42 - [MESSAGE][PASSED] - Actual text 'Medicaid' and expected text 'Medicaid' are matched 

22-04-2024T14:35:42 - [TEST_STEP][PASSED] - verifyMatch("27/12/2016", getText(findTestObject("Page_AppointmentConfirmation/lbl_VisitDate")), false): Actual text '27/12/2016' and expected text '27/12/2016' are matched 

22-04-2024T14:35:42 - [MESSAGE][PASSED] - Text of object 'Object Repository/Page_AppointmentConfirmation/lbl_VisitDate' is: '27/12/2016'

22-04-2024T14:35:42 - [MESSAGE][PASSED] - Actual text '27/12/2016' and expected text '27/12/2016' are matched 

22-04-2024T14:35:42 - [TEST_STEP][PASSED] - verifyMatch("Please make appointment as soon as possible.", getText(findTestObject("Page_AppointmentConfirmation/lbl_Comment")), false): Actual text 'Please make appointment as soon as possible.' and expected text 'Please make appointment as soon as possible.' are matched 

22-04-2024T14:35:42 - [MESSAGE][PASSED] - Text of object 'Object Repository/Page_AppointmentConfirmation/lbl_Comment' is: 'Please make appointment as soon as possible.'

22-04-2024T14:35:42 - [MESSAGE][PASSED] - Actual text 'Please make appointment as soon as possible.' and expected text 'Please make appointment as soon as possible.' are matched 

22-04-2024T14:35:42 - [TEST_STEP][PASSED] - takeScreenshot(): Taking screenshot successfully

22-04-2024T14:35:44 - [MESSAGE][PASSED] - Taking screenshot successfully
[[ATTACHMENT|/Users/man.hua/git/Demo-Bulk-Operation/Reports/20240422_143430/healthcare-tests - TS_RegressionTest/20240422_143430/1713771342841.png]]

22-04-2024T14:35:44 - [TEST_STEP][PASSED] - closeBrowser(): Browser is closed

22-04-2024T14:35:44 - [MESSAGE][PASSED] - Browser is closed

22-04-2024T14:35:46 - [TEST_STEP][PASSED] - Video: Video recording for test case 'Test Cases/Main Test Cases/TC3_Visual Testing Example' .

22-04-2024T14:35:46 - [MESSAGE][INFO] - Video recording for test case 'Test Cases/Main Test Cases/TC3_Visual Testing Example' .]]></system-out>
         <system-err><![CDATA[]]></system-err>
      </testcase>
      <system-out><![CDATA[22-04-2024T14:34:37 - [TEST_SUITE][PASSED] - healthcare-tests - TS_RegressionTest: Test Cases/Main Test Cases/TC3_Visual Testing Example]]></system-out>
      <system-err><![CDATA[]]></system-err>
   </testsuite>
</testsuites>
