<?xml version="1.0" encoding="UTF-8"?>
<testsuites name="healthcare-tests - TS_RegressionTest" time="67.826" tests="3" failures="0" errors="0">
   <testsuite name="healthcare-tests - TS_RegressionTest" tests="3" failures="0" errors="0" time="67.826" skipped="0" timestamp="16-07-2024T14:52:43" hostname="man.hua - localhost" id="Test Suites/healthcare-tests - TS_RegressionTest">
      <properties>
         <property name="deviceName" value=""/>
         <property name="devicePlatform"/>
         <property name="logFolder" value="/Users/man.hua/git/Demo-Bulk-Operation/Reports/20240716_145236/healthcare-tests - TS_RegressionTest/20240716_145236"/>
         <property name="logFiles" value="/Users/man.hua/git/Demo-Bulk-Operation/Reports/20240716_145236/healthcare-tests - TS_RegressionTest/20240716_145236/execution0.log"/>
         <property name="attachments" value="/Users/man.hua/git/Demo-Bulk-Operation/Reports/20240716_145236/healthcare-tests - TS_RegressionTest/20240716_145236/1721116400203.png, keyes/keyes-login page.png, keyes/keyes-appointment page.png, keyes/keyes-booked appointment.png, /Users/man.hua/git/Demo-Bulk-Operation/Reports/20240716_145236/healthcare-tests - TS_RegressionTest/20240716_145236/1721116428127.png"/>
         <property name="hostName" value="man.hua - localhost"/>
         <property name="os" value="Mac OS X 64bit"/>
         <property name="katalonVersion" value="9.6.0.217"/>
         <property name="browser" value="Chrome 125.0.0.0"/>
         <property name="hostAddress" value="127.0.0.1"/>
         <property name="sessionId" value="e26f59ebf1e67edfae9963403f838935"/>
         <property name="seleniumVersion" value="3.141.59"/>
         <property name="proxyInformation" value="ProxyInformation { proxyOption=NO_PROXY, proxyServerType=HTTP, username=, password=********, proxyServerAddress=, proxyServerPort=0, executionList=&quot;&quot;, isApplyToDesiredCapabilities=true }"/>
         <property name="platform" value="Mac OS X"/>
      </properties>
      <testcase name="Test Cases/Main Test Cases/TC1_Verify Successful Login" time="16.47" classname="Test Cases/Main Test Cases/TC1_Verify Successful Login" status="PASSED">
         <system-out><![CDATA[16-07-2024T14:52:43 - [TEST_CASE][PASSED] - Test Cases/Main Test Cases/TC1_Verify Successful Login: Test Cases/Main Test Cases/TC1_Verify Successful Login

16-07-2024T14:52:44 - [TEST_STEP][PASSED] - comment("Story: Login to CURA system"): Story: Login to CURA system

16-07-2024T14:52:44 - [MESSAGE][INFO] - Story: Login to CURA system

16-07-2024T14:52:44 - [TEST_STEP][PASSED] - comment("Given that the user has the valid login information"): Given that the user has the valid login information

16-07-2024T14:52:44 - [MESSAGE][INFO] - Given that the user has the valid login information

16-07-2024T14:52:44 - [TEST_STEP][PASSED] - openBrowser(G_SiteURL): Browser is opened with url: 'http://demoaut.katalon.com'

16-07-2024T14:52:44 - [MESSAGE][INFO] - Starting 'Chrome' driver

16-07-2024T14:52:44 - [MESSAGE][INFO] - Action delay is set to 0 milliseconds

16-07-2024T14:52:53 - [MESSAGE][PASSED] - Browser is opened with url: 'http://demoaut.katalon.com'

16-07-2024T14:52:54 - [TEST_STEP][PASSED] - click(findTestObject("Page_CuraHomepage/btn_MakeAppointment")): Object: 'Object Repository/Page_CuraHomepage/btn_MakeAppointment' is clicked on

16-07-2024T14:52:54 - [MESSAGE][PASSED] - Object: 'Object Repository/Page_CuraHomepage/btn_MakeAppointment' is clicked on

16-07-2024T14:52:54 - [TEST_STEP][PASSED] - setText(findTestObject("Page_Login/txt_UserName"), Username): Text 'John Doe' is set on object 'Object Repository/Page_Login/txt_UserName'

16-07-2024T14:52:55 - [MESSAGE][PASSED] - Text 'John Doe' is set on object 'Object Repository/Page_Login/txt_UserName'

16-07-2024T14:52:55 - [TEST_STEP][PASSED] - setText(findTestObject("Page_Login/txt_Password"), Password): Text 'ThisIsNotAPassword' is set on object 'Object Repository/Page_Login/txt_Password'

16-07-2024T14:52:56 - [MESSAGE][PASSED] - Text 'ThisIsNotAPassword' is set on object 'Object Repository/Page_Login/txt_Password'

16-07-2024T14:52:56 - [TEST_STEP][PASSED] - comment("When he logins to CURA system"): When he logins to CURA system

16-07-2024T14:52:56 - [MESSAGE][INFO] - When he logins to CURA system

16-07-2024T14:52:56 - [TEST_STEP][PASSED] - click(findTestObject("Page_Login/btn_Login")): Object: 'Object Repository/Page_Login/btn_Login' is clicked on

16-07-2024T14:52:57 - [MESSAGE][PASSED] - Object: 'Object Repository/Page_Login/btn_Login' is clicked on

16-07-2024T14:52:57 - [TEST_STEP][PASSED] - comment("Then he should be able to login successfully"): Then he should be able to login successfully

16-07-2024T14:52:57 - [MESSAGE][INFO] - Then he should be able to login successfully

16-07-2024T14:52:57 - [TEST_STEP][PASSED] - landingPage = verifyElementPresent(findTestObject("Page_CuraAppointment/div_Appointment"), G_Timeout): Object 'Object Repository/Page_CuraAppointment/div_Appointment' is present

16-07-2024T14:52:57 - [MESSAGE][PASSED] - Object 'Object Repository/Page_CuraAppointment/div_Appointment' is present

16-07-2024T14:52:57 - [TEST_STEP][PASSED] - closeBrowser(): Browser is closed

16-07-2024T14:52:58 - [MESSAGE][PASSED] - Browser is closed

16-07-2024T14:53:00 - [TEST_STEP][PASSED] - Video: Video recording for test case 'Test Cases/Main Test Cases/TC1_Verify Successful Login' .

16-07-2024T14:53:00 - [MESSAGE][INFO] - Video recording for test case 'Test Cases/Main Test Cases/TC1_Verify Successful Login' .]]></system-out>
         <system-err><![CDATA[]]></system-err>
      </testcase>
      <testcase name="Test Cases/Main Test Cases/TC2_Verify Successful Appointment" time="22.577" classname="Test Cases/Main Test Cases/TC2_Verify Successful Appointment" status="PASSED">
         <system-out><![CDATA[16-07-2024T14:53:00 - [TEST_CASE][PASSED] - Test Cases/Main Test Cases/TC2_Verify Successful Appointment: Test Cases/Main Test Cases/TC2_Verify Successful Appointment

16-07-2024T14:53:00 - [TEST_STEP][PASSED] - comment("Story: Book an appointment"): Story: Book an appointment

16-07-2024T14:53:00 - [MESSAGE][INFO] - Story: Book an appointment

16-07-2024T14:53:00 - [TEST_STEP][PASSED] - comment("Given that the user has logged into their account"): Given that the user has logged into their account

16-07-2024T14:53:00 - [MESSAGE][INFO] - Given that the user has logged into their account

16-07-2024T14:53:00 - [TEST_STEP][PASSED] - openBrowser(G_SiteURL): Browser is opened with url: 'http://demoaut.katalon.com'

16-07-2024T14:53:00 - [MESSAGE][INFO] - Starting 'Chrome' driver

16-07-2024T14:53:00 - [MESSAGE][INFO] - Action delay is set to 0 milliseconds

16-07-2024T14:53:09 - [MESSAGE][PASSED] - Browser is opened with url: 'http://demoaut.katalon.com'

16-07-2024T14:53:09 - [TEST_STEP][PASSED] - callTestCase(findTestCase("Common Test Cases/Login"), ["Username":"John Doe", "Password":"ThisIsNotAPassword"], STOP_ON_FAILURE): Call Test Case 'Test Cases/Common Test Cases/Login' successfully

16-07-2024T14:53:09 - [TEST_CASE][PASSED] - Test Cases/Common Test Cases/Login: Test Cases/Common Test Cases/Login

16-07-2024T14:53:09 - [TEST_STEP][PASSED] - click(findTestObject("Page_CuraHomepage/btn_MakeAppointment")): Object: 'Object Repository/Page_CuraHomepage/btn_MakeAppointment' is clicked on

16-07-2024T14:53:10 - [MESSAGE][PASSED] - Object: 'Object Repository/Page_CuraHomepage/btn_MakeAppointment' is clicked on

16-07-2024T14:53:10 - [TEST_STEP][PASSED] - setText(findTestObject("Page_Login/txt_UserName"), Username): Text 'John Doe' is set on object 'Object Repository/Page_Login/txt_UserName'

16-07-2024T14:53:11 - [MESSAGE][PASSED] - Text 'John Doe' is set on object 'Object Repository/Page_Login/txt_UserName'

16-07-2024T14:53:11 - [TEST_STEP][PASSED] - setText(findTestObject("Page_Login/txt_Password"), Password): Text 'ThisIsNotAPassword' is set on object 'Object Repository/Page_Login/txt_Password'

16-07-2024T14:53:11 - [MESSAGE][PASSED] - Text 'ThisIsNotAPassword' is set on object 'Object Repository/Page_Login/txt_Password'

16-07-2024T14:53:11 - [TEST_STEP][PASSED] - click(findTestObject("Page_Login/btn_Login")): Object: 'Object Repository/Page_Login/btn_Login' is clicked on

16-07-2024T14:53:14 - [MESSAGE][PASSED] - Object: 'Object Repository/Page_Login/btn_Login' is clicked on

16-07-2024T14:53:14 - [TEST_STEP][PASSED] - landingPage = verifyElementPresent(findTestObject("Page_CuraAppointment/div_Appointment"), G_Timeout): Object 'Object Repository/Page_CuraAppointment/div_Appointment' is present

16-07-2024T14:53:14 - [MESSAGE][PASSED] - Object 'Object Repository/Page_CuraAppointment/div_Appointment' is present

16-07-2024T14:53:14 - [MESSAGE][PASSED] - Call Test Case 'Test Cases/Common Test Cases/Login' successfully

16-07-2024T14:53:14 - [TEST_STEP][PASSED] - comment("And Appointment page is displayed"): And Appointment page is displayed

16-07-2024T14:53:14 - [MESSAGE][INFO] - And Appointment page is displayed

16-07-2024T14:53:14 - [TEST_STEP][PASSED] - if (true): Text 'Please make appointment as soon as possible.' is set on object 'Object Repository/Page_CuraAppointment/txt_Comment'

16-07-2024T14:53:14 - [TEST_STEP][PASSED] - selectOptionByLabel(findTestObject("Page_CuraAppointment/lst_Facility"), "Hongkong CURA Healthcare Center", false): All options with label 'Hongkong CURA Healthcare Center' are selected in object 'Object Repository/Page_CuraAppointment/lst_Facility' 

16-07-2024T14:53:15 - [MESSAGE][PASSED] - All options with label 'Hongkong CURA Healthcare Center' are selected in object 'Object Repository/Page_CuraAppointment/lst_Facility' 

16-07-2024T14:53:15 - [TEST_STEP][PASSED] - check(findTestObject("Page_CuraAppointment/chk_Medicaid")): Object 'Object Repository/Page_CuraAppointment/chk_Medicaid' is checked

16-07-2024T14:53:15 - [MESSAGE][PASSED] - Object 'Object Repository/Page_CuraAppointment/chk_Medicaid' is checked

16-07-2024T14:53:15 - [TEST_STEP][PASSED] - check(findTestObject("Page_CuraAppointment/chk_Readmission")): Object 'Object Repository/Page_CuraAppointment/chk_Readmission' is checked

16-07-2024T14:53:15 - [MESSAGE][PASSED] - Object 'Object Repository/Page_CuraAppointment/chk_Readmission' is checked

16-07-2024T14:53:15 - [TEST_STEP][PASSED] - setText(findTestObject("Page_CuraAppointment/txt_VisitDate"), "27/12/2016"): Text '27/12/2016' is set on object 'Object Repository/Page_CuraAppointment/txt_VisitDate'

16-07-2024T14:53:16 - [MESSAGE][PASSED] - Text '27/12/2016' is set on object 'Object Repository/Page_CuraAppointment/txt_VisitDate'

16-07-2024T14:53:16 - [TEST_STEP][PASSED] - setText(findTestObject("Page_CuraAppointment/txt_Comment"), "Please make appointment as soon as possible."): Text 'Please make appointment as soon as possible.' is set on object 'Object Repository/Page_CuraAppointment/txt_Comment'

16-07-2024T14:53:17 - [MESSAGE][PASSED] - Text 'Please make appointment as soon as possible.' is set on object 'Object Repository/Page_CuraAppointment/txt_Comment'

16-07-2024T14:53:17 - [TEST_STEP][PASSED] - comment("When he fills in valid information in Appointment page"): When he fills in valid information in Appointment page

16-07-2024T14:53:17 - [MESSAGE][INFO] - When he fills in valid information in Appointment page

16-07-2024T14:53:17 - [TEST_STEP][PASSED] - click(findTestObject("Page_CuraAppointment/btn_BookAppointment")): Object: 'Object Repository/Page_CuraAppointment/btn_BookAppointment' is clicked on

16-07-2024T14:53:18 - [MESSAGE][PASSED] - Object: 'Object Repository/Page_CuraAppointment/btn_BookAppointment' is clicked on

16-07-2024T14:53:18 - [TEST_STEP][PASSED] - verifyTextPresent("Appointment Confirmation", false): Text 'Appointment Confirmation' is present on page 

16-07-2024T14:53:18 - [MESSAGE][PASSED] - Text 'Appointment Confirmation' is present on page 

16-07-2024T14:53:18 - [TEST_STEP][PASSED] - comment("Then he should be able to book a new appointment"): Then he should be able to book a new appointment

16-07-2024T14:53:18 - [MESSAGE][INFO] - Then he should be able to book a new appointment

16-07-2024T14:53:18 - [TEST_STEP][PASSED] - if (true): Actual text 'Please make appointment as soon as possible.' and expected text 'Please make appointment as soon as possible.' are matched 

16-07-2024T14:53:18 - [TEST_STEP][PASSED] - verifyMatch("Hongkong CURA Healthcare Center", getText(findTestObject("Page_AppointmentConfirmation/lbl_Facility")), false): Actual text 'Hongkong CURA Healthcare Center' and expected text 'Hongkong CURA Healthcare Center' are matched 

16-07-2024T14:53:18 - [MESSAGE][PASSED] - Text of object 'Object Repository/Page_AppointmentConfirmation/lbl_Facility' is: 'Hongkong CURA Healthcare Center'

16-07-2024T14:53:18 - [MESSAGE][PASSED] - Actual text 'Hongkong CURA Healthcare Center' and expected text 'Hongkong CURA Healthcare Center' are matched 

16-07-2024T14:53:18 - [TEST_STEP][PASSED] - verifyMatch("Yes", getText(findTestObject("Page_AppointmentConfirmation/lbl_HospitalReadmission")), false): Actual text 'Yes' and expected text 'Yes' are matched 

16-07-2024T14:53:19 - [MESSAGE][PASSED] - Text of object 'Object Repository/Page_AppointmentConfirmation/lbl_HospitalReadmission' is: 'Yes'

16-07-2024T14:53:19 - [MESSAGE][PASSED] - Actual text 'Yes' and expected text 'Yes' are matched 

16-07-2024T14:53:19 - [TEST_STEP][PASSED] - verifyMatch("Medicaid", getText(findTestObject("Page_AppointmentConfirmation/lbl_Program")), false): Actual text 'Medicaid' and expected text 'Medicaid' are matched 

16-07-2024T14:53:19 - [MESSAGE][PASSED] - Text of object 'Object Repository/Page_AppointmentConfirmation/lbl_Program' is: 'Medicaid'

16-07-2024T14:53:19 - [MESSAGE][PASSED] - Actual text 'Medicaid' and expected text 'Medicaid' are matched 

16-07-2024T14:53:19 - [TEST_STEP][PASSED] - verifyMatch("27/12/2016", getText(findTestObject("Page_AppointmentConfirmation/lbl_VisitDate")), false): Actual text '27/12/2016' and expected text '27/12/2016' are matched 

16-07-2024T14:53:19 - [MESSAGE][PASSED] - Text of object 'Object Repository/Page_AppointmentConfirmation/lbl_VisitDate' is: '27/12/2016'

16-07-2024T14:53:19 - [MESSAGE][PASSED] - Actual text '27/12/2016' and expected text '27/12/2016' are matched 

16-07-2024T14:53:19 - [TEST_STEP][PASSED] - verifyMatch("Please make appointment as soon as possible.", getText(findTestObject("Page_AppointmentConfirmation/lbl_Comment")), false): Actual text 'Please make appointment as soon as possible.' and expected text 'Please make appointment as soon as possible.' are matched 

16-07-2024T14:53:19 - [MESSAGE][PASSED] - Text of object 'Object Repository/Page_AppointmentConfirmation/lbl_Comment' is: 'Please make appointment as soon as possible.'

16-07-2024T14:53:19 - [MESSAGE][PASSED] - Actual text 'Please make appointment as soon as possible.' and expected text 'Please make appointment as soon as possible.' are matched 

16-07-2024T14:53:19 - [TEST_STEP][PASSED] - takeScreenshot(): Taking screenshot successfully

16-07-2024T14:53:20 - [MESSAGE][PASSED] - Taking screenshot successfully
[[ATTACHMENT|/Users/man.hua/git/Demo-Bulk-Operation/Reports/20240716_145236/healthcare-tests - TS_RegressionTest/20240716_145236/1721116400203.png]]

16-07-2024T14:53:20 - [TEST_STEP][PASSED] - closeBrowser(): Browser is closed

16-07-2024T14:53:20 - [MESSAGE][PASSED] - Browser is closed

16-07-2024T14:53:22 - [TEST_STEP][PASSED] - Video: Video recording for test case 'Test Cases/Main Test Cases/TC2_Verify Successful Appointment' .

16-07-2024T14:53:22 - [MESSAGE][INFO] - Video recording for test case 'Test Cases/Main Test Cases/TC2_Verify Successful Appointment' .]]></system-out>
         <system-err><![CDATA[]]></system-err>
      </testcase>
      <testcase name="Test Cases/Main Test Cases/TC3_Visual Testing Example" time="28.566" classname="Test Cases/Main Test Cases/TC3_Visual Testing Example" status="PASSED">
         <system-out><![CDATA[16-07-2024T14:53:22 - [TEST_CASE][PASSED] - Test Cases/Main Test Cases/TC3_Visual Testing Example: Test Cases/Main Test Cases/TC3_Visual Testing Example

16-07-2024T14:53:22 - [TEST_STEP][PASSED] - comment("Story: Book an appointment"): Story: Book an appointment

16-07-2024T14:53:22 - [MESSAGE][INFO] - Story: Book an appointment

16-07-2024T14:53:22 - [TEST_STEP][PASSED] - comment("Given that the user has logged into their account"): Given that the user has logged into their account

16-07-2024T14:53:22 - [MESSAGE][INFO] - Given that the user has logged into their account

16-07-2024T14:53:22 - [TEST_STEP][PASSED] - openBrowser(G_SiteURL): Browser is opened with url: 'http://demoaut.katalon.com'

16-07-2024T14:53:22 - [MESSAGE][INFO] - Starting 'Chrome' driver

16-07-2024T14:53:22 - [MESSAGE][INFO] - Action delay is set to 0 milliseconds

16-07-2024T14:53:32 - [MESSAGE][PASSED] - Browser is opened with url: 'http://demoaut.katalon.com'

16-07-2024T14:53:32 - [TEST_STEP][PASSED] - takeScreenshotAsCheckpoint("login page"): Taking screenshot successfully

16-07-2024T14:53:34 - [MESSAGE][INFO] - 0 hidden object(s)

16-07-2024T14:53:35 - [MESSAGE][PASSED] - Taking screenshot successfully
[[ATTACHMENT|keyes/keyes-login page.png]]

16-07-2024T14:53:35 - [TEST_STEP][PASSED] - callTestCase(findTestCase("Common Test Cases/Login"), ["Username":"John Doe", "Password":"ThisIsNotAPassword"], STOP_ON_FAILURE): Call Test Case 'Test Cases/Common Test Cases/Login' successfully

16-07-2024T14:53:35 - [TEST_CASE][PASSED] - Test Cases/Common Test Cases/Login: Test Cases/Common Test Cases/Login

16-07-2024T14:53:35 - [TEST_STEP][PASSED] - click(findTestObject("Page_CuraHomepage/btn_MakeAppointment")): Object: 'Object Repository/Page_CuraHomepage/btn_MakeAppointment' is clicked on

16-07-2024T14:53:36 - [MESSAGE][PASSED] - Object: 'Object Repository/Page_CuraHomepage/btn_MakeAppointment' is clicked on

16-07-2024T14:53:36 - [TEST_STEP][PASSED] - setText(findTestObject("Page_Login/txt_UserName"), Username): Text 'John Doe' is set on object 'Object Repository/Page_Login/txt_UserName'

16-07-2024T14:53:37 - [MESSAGE][PASSED] - Text 'John Doe' is set on object 'Object Repository/Page_Login/txt_UserName'

16-07-2024T14:53:37 - [TEST_STEP][PASSED] - setText(findTestObject("Page_Login/txt_Password"), Password): Text 'ThisIsNotAPassword' is set on object 'Object Repository/Page_Login/txt_Password'

16-07-2024T14:53:37 - [MESSAGE][PASSED] - Text 'ThisIsNotAPassword' is set on object 'Object Repository/Page_Login/txt_Password'

16-07-2024T14:53:37 - [TEST_STEP][PASSED] - click(findTestObject("Page_Login/btn_Login")): Object: 'Object Repository/Page_Login/btn_Login' is clicked on

16-07-2024T14:53:39 - [MESSAGE][PASSED] - Object: 'Object Repository/Page_Login/btn_Login' is clicked on

16-07-2024T14:53:39 - [TEST_STEP][PASSED] - landingPage = verifyElementPresent(findTestObject("Page_CuraAppointment/div_Appointment"), G_Timeout): Object 'Object Repository/Page_CuraAppointment/div_Appointment' is present

16-07-2024T14:53:39 - [MESSAGE][PASSED] - Object 'Object Repository/Page_CuraAppointment/div_Appointment' is present

16-07-2024T14:53:39 - [MESSAGE][PASSED] - Call Test Case 'Test Cases/Common Test Cases/Login' successfully

16-07-2024T14:53:39 - [TEST_STEP][PASSED] - comment("And Appointment page is displayed"): And Appointment page is displayed

16-07-2024T14:53:39 - [MESSAGE][INFO] - And Appointment page is displayed

16-07-2024T14:53:39 - [TEST_STEP][PASSED] - if (true): Text 'Please make appointment as soon as possible.' is set on object 'Object Repository/Page_CuraAppointment/txt_Comment'

16-07-2024T14:53:39 - [TEST_STEP][PASSED] - takeScreenshotAsCheckpoint("appointment page"): Taking screenshot successfully

16-07-2024T14:53:39 - [MESSAGE][INFO] - 0 hidden object(s)

16-07-2024T14:53:40 - [MESSAGE][PASSED] - Taking screenshot successfully
[[ATTACHMENT|keyes/keyes-appointment page.png]]

16-07-2024T14:53:40 - [TEST_STEP][PASSED] - selectOptionByLabel(findTestObject("Page_CuraAppointment/lst_Facility"), "Hongkong CURA Healthcare Center", false): All options with label 'Hongkong CURA Healthcare Center' are selected in object 'Object Repository/Page_CuraAppointment/lst_Facility' 

16-07-2024T14:53:40 - [MESSAGE][PASSED] - All options with label 'Hongkong CURA Healthcare Center' are selected in object 'Object Repository/Page_CuraAppointment/lst_Facility' 

16-07-2024T14:53:40 - [TEST_STEP][PASSED] - check(findTestObject("Page_CuraAppointment/chk_Medicaid")): Object 'Object Repository/Page_CuraAppointment/chk_Medicaid' is checked

16-07-2024T14:53:40 - [MESSAGE][PASSED] - Object 'Object Repository/Page_CuraAppointment/chk_Medicaid' is checked

16-07-2024T14:53:40 - [TEST_STEP][PASSED] - check(findTestObject("Page_CuraAppointment/chk_Readmission")): Object 'Object Repository/Page_CuraAppointment/chk_Readmission' is checked

16-07-2024T14:53:41 - [MESSAGE][PASSED] - Object 'Object Repository/Page_CuraAppointment/chk_Readmission' is checked

16-07-2024T14:53:41 - [TEST_STEP][PASSED] - setText(findTestObject("Page_CuraAppointment/txt_VisitDate"), "27/12/2016"): Text '27/12/2016' is set on object 'Object Repository/Page_CuraAppointment/txt_VisitDate'

16-07-2024T14:53:41 - [MESSAGE][PASSED] - Text '27/12/2016' is set on object 'Object Repository/Page_CuraAppointment/txt_VisitDate'

16-07-2024T14:53:41 - [TEST_STEP][PASSED] - setText(findTestObject("Page_CuraAppointment/txt_Comment"), "Please make appointment as soon as possible."): Text 'Please make appointment as soon as possible.' is set on object 'Object Repository/Page_CuraAppointment/txt_Comment'

16-07-2024T14:53:42 - [MESSAGE][PASSED] - Text 'Please make appointment as soon as possible.' is set on object 'Object Repository/Page_CuraAppointment/txt_Comment'

16-07-2024T14:53:42 - [TEST_STEP][PASSED] - comment("When he fills in valid information in Appointment page"): When he fills in valid information in Appointment page

16-07-2024T14:53:42 - [MESSAGE][INFO] - When he fills in valid information in Appointment page

16-07-2024T14:53:42 - [TEST_STEP][PASSED] - click(findTestObject("Page_CuraAppointment/btn_BookAppointment")): Object: 'Object Repository/Page_CuraAppointment/btn_BookAppointment' is clicked on

16-07-2024T14:53:43 - [MESSAGE][PASSED] - Object: 'Object Repository/Page_CuraAppointment/btn_BookAppointment' is clicked on

16-07-2024T14:53:43 - [TEST_STEP][PASSED] - verifyTextPresent("Appointment Confirmation", false): Text 'Appointment Confirmation' is present on page 

16-07-2024T14:53:43 - [MESSAGE][PASSED] - Text 'Appointment Confirmation' is present on page 

16-07-2024T14:53:43 - [TEST_STEP][PASSED] - comment("Then he should be able to book a new appointment"): Then he should be able to book a new appointment

16-07-2024T14:53:43 - [MESSAGE][INFO] - Then he should be able to book a new appointment

16-07-2024T14:53:43 - [TEST_STEP][PASSED] - if (true): Actual text 'Please make appointment as soon as possible.' and expected text 'Please make appointment as soon as possible.' are matched 

16-07-2024T14:53:43 - [TEST_STEP][PASSED] - takeFullPageScreenshotAsCheckpoint("booked appointment", [findTestObject("Page_AppointmentConfirmation/lbl_VisitDate")]): Taking screenshot successfully

16-07-2024T14:53:43 - [MESSAGE][WARNING] - Timeout '0' is invalid. Using default page load timeout: '30'

16-07-2024T14:53:44 - [MESSAGE][INFO] - 1 hidden object(s)

16-07-2024T14:53:45 - [MESSAGE][INFO] - 0 hidden object(s)

16-07-2024T14:53:46 - [MESSAGE][PASSED] - Taking screenshot successfully
[[ATTACHMENT|keyes/keyes-booked appointment.png]]

16-07-2024T14:53:46 - [TEST_STEP][PASSED] - verifyMatch("Hongkong CURA Healthcare Center", getText(findTestObject("Page_AppointmentConfirmation/lbl_Facility")), false): Actual text 'Hongkong CURA Healthcare Center' and expected text 'Hongkong CURA Healthcare Center' are matched 

16-07-2024T14:53:46 - [MESSAGE][PASSED] - Text of object 'Object Repository/Page_AppointmentConfirmation/lbl_Facility' is: 'Hongkong CURA Healthcare Center'

16-07-2024T14:53:46 - [MESSAGE][PASSED] - Actual text 'Hongkong CURA Healthcare Center' and expected text 'Hongkong CURA Healthcare Center' are matched 

16-07-2024T14:53:46 - [TEST_STEP][PASSED] - verifyMatch("Yes", getText(findTestObject("Page_AppointmentConfirmation/lbl_HospitalReadmission")), false): Actual text 'Yes' and expected text 'Yes' are matched 

16-07-2024T14:53:47 - [MESSAGE][PASSED] - Text of object 'Object Repository/Page_AppointmentConfirmation/lbl_HospitalReadmission' is: 'Yes'

16-07-2024T14:53:47 - [MESSAGE][PASSED] - Actual text 'Yes' and expected text 'Yes' are matched 

16-07-2024T14:53:47 - [TEST_STEP][PASSED] - verifyMatch("Medicaid", getText(findTestObject("Page_AppointmentConfirmation/lbl_Program")), false): Actual text 'Medicaid' and expected text 'Medicaid' are matched 

16-07-2024T14:53:47 - [MESSAGE][PASSED] - Text of object 'Object Repository/Page_AppointmentConfirmation/lbl_Program' is: 'Medicaid'

16-07-2024T14:53:47 - [MESSAGE][PASSED] - Actual text 'Medicaid' and expected text 'Medicaid' are matched 

16-07-2024T14:53:47 - [TEST_STEP][PASSED] - verifyMatch("27/12/2016", getText(findTestObject("Page_AppointmentConfirmation/lbl_VisitDate")), false): Actual text '27/12/2016' and expected text '27/12/2016' are matched 

16-07-2024T14:53:47 - [MESSAGE][PASSED] - Text of object 'Object Repository/Page_AppointmentConfirmation/lbl_VisitDate' is: '27/12/2016'

16-07-2024T14:53:47 - [MESSAGE][PASSED] - Actual text '27/12/2016' and expected text '27/12/2016' are matched 

16-07-2024T14:53:47 - [TEST_STEP][PASSED] - verifyMatch("Please make appointment as soon as possible.", getText(findTestObject("Page_AppointmentConfirmation/lbl_Comment")), false): Actual text 'Please make appointment as soon as possible.' and expected text 'Please make appointment as soon as possible.' are matched 

16-07-2024T14:53:47 - [MESSAGE][PASSED] - Text of object 'Object Repository/Page_AppointmentConfirmation/lbl_Comment' is: 'Please make appointment as soon as possible.'

16-07-2024T14:53:47 - [MESSAGE][PASSED] - Actual text 'Please make appointment as soon as possible.' and expected text 'Please make appointment as soon as possible.' are matched 

16-07-2024T14:53:47 - [TEST_STEP][PASSED] - takeScreenshot(): Taking screenshot successfully

16-07-2024T14:53:49 - [MESSAGE][PASSED] - Taking screenshot successfully
[[ATTACHMENT|/Users/man.hua/git/Demo-Bulk-Operation/Reports/20240716_145236/healthcare-tests - TS_RegressionTest/20240716_145236/1721116428127.png]]

16-07-2024T14:53:49 - [TEST_STEP][PASSED] - closeBrowser(): Browser is closed

16-07-2024T14:53:49 - [MESSAGE][PASSED] - Browser is closed

16-07-2024T14:53:51 - [TEST_STEP][PASSED] - Video: Video recording for test case 'Test Cases/Main Test Cases/TC3_Visual Testing Example' .

16-07-2024T14:53:51 - [MESSAGE][INFO] - Video recording for test case 'Test Cases/Main Test Cases/TC3_Visual Testing Example' .]]></system-out>
         <system-err><![CDATA[]]></system-err>
      </testcase>
      <system-out><![CDATA[16-07-2024T14:52:43 - [TEST_SUITE][PASSED] - healthcare-tests - TS_RegressionTest: Test Cases/Main Test Cases/TC3_Visual Testing Example]]></system-out>
      <system-err><![CDATA[]]></system-err>
   </testsuite>
</testsuites>
