<?xml version="1.0" encoding="UTF-8"?>
<testsuites name="New Test Suite" time="28.418" tests="2" failures="0" errors="0">
   <testsuite name="New Test Suite" tests="2" failures="0" errors="0" time="28.418" skipped="0" timestamp="31-05-2024T15:41:11" hostname="man.hua - ip-10-10-32-246.ap-southeast-1.compute.internal" id="Test Suites/New Test Suite">
      <properties>
         <property name="deviceName" value=""/>
         <property name="devicePlatform"/>
         <property name="logFolder" value="/Users/man.hua/git/Katalon-test-management-testops/Reports/20240531_154103/New Test Suite/20240531_154103"/>
         <property name="logFiles" value="/Users/man.hua/git/Katalon-test-management-testops/Reports/20240531_154103/New Test Suite/20240531_154103/execution0.log"/>
         <property name="attachments" value=""/>
         <property name="hostName" value="man.hua - ip-10-10-32-246.ap-southeast-1.compute.internal"/>
         <property name="os" value="Mac OS X 64bit"/>
         <property name="katalonVersion" value="9.5.0.217"/>
         <property name="browser" value="Firefox 123.0"/>
         <property name="hostAddress" value="10.10.32.246"/>
         <property name="sessionId" value="30c26c94-a418-4b85-9900-891f2a26652c"/>
         <property name="seleniumVersion" value="3.141.59"/>
         <property name="proxyInformation" value="ProxyInformation { proxyOption=NO_PROXY, proxyServerType=HTTP, username=, password=********, proxyServerAddress=, proxyServerPort=0, executionList=&quot;&quot;, isApplyToDesiredCapabilities=true }"/>
         <property name="platform" value="Mac OS X"/>
      </properties>
      <testcase name="Test Cases/New Test Case" time="19.671" classname="Test Cases/New Test Case" status="PASSED">
         <system-out><![CDATA[31-05-2024T15:41:11 - [TEST_CASE][PASSED] - Test Cases/New Test Case: Test Cases/New Test Case

31-05-2024T15:41:12 - [TEST_STEP][PASSED] - openBrowser(url): Browser is opened with url: 'http://demoaut.katalon.com/'

31-05-2024T15:41:12 - [MESSAGE][INFO] - Starting 'Firefox' driver

31-05-2024T15:41:12 - [MESSAGE][INFO] - Action delay is set to 0 milliseconds

31-05-2024T15:41:31 - [MESSAGE][PASSED] - Browser is opened with url: 'http://demoaut.katalon.com/']]></system-out>
         <system-err><![CDATA[]]></system-err>
      </testcase>
      <testcase name="Test Cases/New Test Case - Copy" time="8.56" classname="Test Cases/New Test Case - Copy" status="PASSED">
         <system-out><![CDATA[31-05-2024T15:41:31 - [TEST_CASE][PASSED] - Test Cases/New Test Case - Copy: Test Cases/New Test Case - Copy

31-05-2024T15:41:31 - [TEST_STEP][PASSED] - openBrowser(url): Browser is opened with url: 'http://demoaut.katalon.com/'

31-05-2024T15:41:31 - [MESSAGE][WARNING] - A browser is already opened. Closing browser and opening a new one

31-05-2024T15:41:32 - [MESSAGE][INFO] - Starting 'Firefox' driver

31-05-2024T15:41:32 - [MESSAGE][INFO] - Action delay is set to 0 milliseconds

31-05-2024T15:41:40 - [MESSAGE][PASSED] - Browser is opened with url: 'http://demoaut.katalon.com/']]></system-out>
         <system-err><![CDATA[]]></system-err>
      </testcase>
      <system-out><![CDATA[31-05-2024T15:41:11 - [TEST_SUITE][PASSED] - New Test Suite: Test Cases/New Test Case - Copy]]></system-out>
      <system-err><![CDATA[]]></system-err>
   </testsuite>
</testsuites>
