<?xml version="1.0" encoding="UTF-8"?>
<testsuites name="New Test Suite" time="25.224" tests="2" failures="0" errors="0">
   <testsuite name="New Test Suite" tests="2" failures="0" errors="0" time="25.224" skipped="0" timestamp="05-06-2024T10:40:56" hostname="man.hua - 10.10.32.102" id="Test Suites/default/New Test Suite">
      <properties>
         <property name="deviceName" value=""/>
         <property name="devicePlatform"/>
         <property name="logFolder" value="/Users/man.hua/git/Katalon-test-management-testops/Reports/20240605_104039/default/New Test Suite/20240605_104050"/>
         <property name="logFiles" value="/Users/man.hua/git/Katalon-test-management-testops/Reports/20240605_104039/default/New Test Suite/20240605_104050/execution0.log"/>
         <property name="attachments" value=""/>
         <property name="hostName" value="man.hua - 10.10.32.102"/>
         <property name="os" value="Mac OS X 64bit"/>
         <property name="katalonVersion" value="9.5.0.217"/>
         <property name="browser" value="Chrome 125.0.0.0"/>
         <property name="hostAddress" value="10.10.32.102"/>
         <property name="sessionId" value="7bc3a8cc0e77dc7f85b69a053ecdd4f8"/>
         <property name="seleniumVersion" value="3.141.59"/>
         <property name="proxyInformation" value="ProxyInformation { proxyOption=NO_PROXY, proxyServerType=HTTP, username=, password=********, proxyServerAddress=, proxyServerPort=0, executionList=&quot;&quot;, isApplyToDesiredCapabilities=true }"/>
         <property name="platform" value="Mac OS X"/>
      </properties>
      <testcase name="Test Cases/default/TC00_OpenBrowser" time="14.406" classname="Test Cases/default/TC00_OpenBrowser" status="PASSED">
         <system-out><![CDATA[05-06-2024T10:40:56 - [TEST_CASE][PASSED] - Test Cases/default/TC00_OpenBrowser: Test Cases/default/TC00_OpenBrowser

05-06-2024T10:40:57 - [TEST_STEP][PASSED] - sampleKeyword.sample.openBrowser(url): sampleKeyword.sample.openBrowser is PASSED

05-06-2024T10:40:57 - [MESSAGE][INFO] - Starting 'Chrome' driver

05-06-2024T10:40:57 - [MESSAGE][INFO] - Action delay is set to 0 milliseconds

05-06-2024T10:41:11 - [MESSAGE][PASSED] - Browser is opened with url: 'http://demoaut.katalon.com/'

05-06-2024T10:41:11 - [MESSAGE][PASSED] - sampleKeyword.sample.openBrowser is PASSED]]></system-out>
         <system-err><![CDATA[]]></system-err>
      </testcase>
      <testcase name="Test Cases/default/TC01_ClickButton" time="10.671" classname="Test Cases/default/TC01_ClickButton" status="PASSED">
         <system-out><![CDATA[05-06-2024T10:41:11 - [TEST_CASE][PASSED] - Test Cases/default/TC01_ClickButton: Test Cases/default/TC01_ClickButton

05-06-2024T10:41:11 - [TEST_STEP][PASSED] - openBrowser(url): Browser is opened with url: 'http://demoaut.katalon.com/'

05-06-2024T10:41:11 - [MESSAGE][WARNING] - A browser is already opened. Closing browser and opening a new one

05-06-2024T10:41:11 - [MESSAGE][INFO] - Starting 'Chrome' driver

05-06-2024T10:41:11 - [MESSAGE][INFO] - Action delay is set to 0 milliseconds

05-06-2024T10:41:20 - [MESSAGE][PASSED] - Browser is opened with url: 'http://demoaut.katalon.com/'

05-06-2024T10:41:20 - [TEST_STEP][PASSED] - healthcareLabel = new com.kms.katalon.core.testobject.TestObject(): null

05-06-2024T10:41:20 - [TEST_STEP][PASSED] - healthcareLabel.setSelectorValue(XPATH, "//h1[text()='CURA Healthcare Service']"): null

05-06-2024T10:41:20 - [TEST_STEP][PASSED] - healthcareLabel.setSelectorMethod(XPATH): null

05-06-2024T10:41:20 - [TEST_STEP][PASSED] - verifyMatch(getText(healthcareLabel), "CURA Healthcare Service", false): Actual text 'CURA Healthcare Service' and expected text 'CURA Healthcare Service' are matched 

05-06-2024T10:41:20 - [MESSAGE][PASSED] - Text of object '' is: 'CURA Healthcare Service'

05-06-2024T10:41:20 - [MESSAGE][PASSED] - Actual text 'CURA Healthcare Service' and expected text 'CURA Healthcare Service' are matched 

05-06-2024T10:41:20 - [TEST_STEP][PASSED] - logInfo("Healthcare label: " + getText(healthcareLabel)): Healthcare label: CURA Healthcare Service

05-06-2024T10:41:21 - [MESSAGE][PASSED] - Text of object '' is: 'CURA Healthcare Service'

05-06-2024T10:41:21 - [MESSAGE][INFO] - Healthcare label: CURA Healthcare Service

05-06-2024T10:41:21 - [TEST_STEP][PASSED] - click(findTestObject("Object Repository/Page_CURA Healthcare Service/a_Make Appointment"), CONTINUE_ON_FAILURE): Object: 'Object Repository/Page_CURA Healthcare Service/a_Make Appointment' is clicked on

05-06-2024T10:41:22 - [MESSAGE][PASSED] - Object: 'Object Repository/Page_CURA Healthcare Service/a_Make Appointment' is clicked on]]></system-out>
         <system-err><![CDATA[]]></system-err>
      </testcase>
      <system-out><![CDATA[05-06-2024T10:40:56 - [TEST_SUITE][PASSED] - New Test Suite: Test Cases/default/TC01_ClickButton]]></system-out>
      <system-err><![CDATA[]]></system-err>
   </testsuite>
</testsuites>
